2024-01-20 08:23:32,185 [INFO] Activator:176 - 


2024-01-20 08:23:32,210 [INFO] Activator:177 - !SESSION log4j initialized
2024-01-20 08:23:56,558 [INFO] LogOutputStream:77 - [STDOUT_REDIRECT] 
2024-01-20 08:24:00,703 [INFO] ApplicationProperties:184 - Using Application install path: E:\stm32\STM32CubeIDE_1.13.2\STM32CubeIDE\plugins\com.st.stm32cube.common.mx_6.10.0.202311202037
2024-01-20 08:24:00,824 [INFO] DbMcusXml:78 - Set database path to: E:\stm32\STM32CubeIDE_1.13.2\STM32CubeIDE\plugins\com.st.stm32cube.common.mx_6.10.0.202311202037\\db\/mcu/
2024-01-20 08:24:00,825 [INFO] ApiDb:274 - Set plugin database path to: E:\stm32\STM32CubeIDE_1.13.2\STM32CubeIDE\plugins\com.st.stm32cube.common.mx_6.10.0.202311202037\\db\/plugins/boardmanager/
2024-01-20 08:24:00,827 [WARN] ApiDb:259 - Overriding images path with different value:  => E:\stm32\STM32CubeIDE_1.13.2\STM32CubeIDE\plugins\com.st.stm32cube.common.mx_6.10.0.202311202037\\db\/plugins/mcufinder/images/
2024-01-20 08:24:00,941 [INFO] ApiDb:250 - Set database path to: C:\Users\MINH\.stmcufinder\plugins\mcufinder//mcu/
2024-01-20 08:24:00,944 [INFO] DbMcusAds:125 - Set database path to: C:\Users\MINH\.stmcufinder\plugins\mcufinder//mcu/
2024-01-20 08:24:00,948 [INFO] CrossReferenceDbSqlite:203 - Set database path to: C:\Users\MINH\.stmcufinder\plugins\mcufinder//mcu/cs/
2024-01-20 08:24:01,302 [INFO] RulesReader:64 - Compatibility file has been processed (297 Rules)
2024-01-20 08:24:01,568 [INFO] DbMcusXml:78 - Set database path to: E:\stm32\STM32CubeIDE_1.13.2\STM32CubeIDE\plugins\com.st.stm32cube.common.mx_6.10.0.202311202037\\db\/mcu/
2024-01-20 08:24:01,568 [INFO] ApiDb:274 - Set plugin database path to: E:\stm32\STM32CubeIDE_1.13.2\STM32CubeIDE\plugins\com.st.stm32cube.common.mx_6.10.0.202311202037\\db\/plugins/boardmanager/
2024-01-20 08:24:01,569 [INFO] ApiDb:261 - Set plugin images path to: E:\stm32\STM32CubeIDE_1.13.2\STM32CubeIDE\plugins\com.st.stm32cube.common.mx_6.10.0.202311202037\\db\/plugins/mcufinder/images/
2024-01-20 08:24:01,569 [WARN] DbFile:41 - Overriding database path with different value: C:\Users\MINH\.stmcufinder\plugins\mcufinder/ => C:\Users\MINH\.stmcufinder\plugins\mcufinder
2024-01-20 08:24:01,569 [INFO] ApiDb:250 - Set database path to: C:\Users\MINH\.stmcufinder\plugins\mcufinder//mcu/
2024-01-20 08:24:01,570 [WARN] DbFile:41 - Overriding database path with different value: C:\Users\MINH\.stmcufinder\plugins\mcufinder/ => C:\Users\MINH\.stmcufinder\plugins\mcufinder
2024-01-20 08:24:01,570 [INFO] DbMcusAds:125 - Set database path to: C:\Users\MINH\.stmcufinder\plugins\mcufinder//mcu/
2024-01-20 08:24:01,570 [WARN] DbFile:41 - Overriding database path with different value: C:\Users\MINH\.stmcufinder\plugins\mcufinder/ => C:\Users\MINH\.stmcufinder\plugins\mcufinder
2024-01-20 08:24:01,570 [WARN] DbFile:41 - Overriding database path with different value: C:\Users\MINH\.stmcufinder\plugins\mcufinder/ => C:\Users\MINH\.stmcufinder\plugins\mcufinder
2024-01-20 08:24:01,570 [INFO] CrossReferenceDbSqlite:203 - Set database path to: C:\Users\MINH\.stmcufinder\plugins\mcufinder//mcu/cs/
2024-01-20 08:24:01,783 [INFO] MainPanel:264 - HeapMemory: 268435456
2024-01-20 08:24:02,039 [INFO] DbMcusXml:78 - Set database path to: E:\stm32\STM32CubeIDE_1.13.2\STM32CubeIDE\plugins\com.st.stm32cube.common.mx_6.10.0.202311202037\\db\/mcu/
2024-01-20 08:24:02,039 [INFO] ApiDb:274 - Set plugin database path to: E:\stm32\STM32CubeIDE_1.13.2\STM32CubeIDE\plugins\com.st.stm32cube.common.mx_6.10.0.202311202037\\db\/plugins/boardmanager/
2024-01-20 08:24:02,040 [INFO] ApiDb:261 - Set plugin images path to: E:\stm32\STM32CubeIDE_1.13.2\STM32CubeIDE\plugins\com.st.stm32cube.common.mx_6.10.0.202311202037\\db\/plugins/mcufinder/images/
2024-01-20 08:24:02,051 [WARN] DbFile:41 - Overriding database path with different value: C:\Users\MINH\.stmcufinder\plugins\mcufinder/ => C:\Users\MINH\.stmcufinder\plugins\mcufinder
2024-01-20 08:24:02,052 [INFO] ApiDb:250 - Set database path to: C:\Users\MINH\.stmcufinder\plugins\mcufinder//mcu/
2024-01-20 08:24:02,052 [WARN] DbFile:41 - Overriding database path with different value: C:\Users\MINH\.stmcufinder\plugins\mcufinder/ => C:\Users\MINH\.stmcufinder\plugins\mcufinder
2024-01-20 08:24:02,052 [INFO] DbMcusAds:125 - Set database path to: C:\Users\MINH\.stmcufinder\plugins\mcufinder//mcu/
2024-01-20 08:24:02,052 [WARN] DbFile:41 - Overriding database path with different value: C:\Users\MINH\.stmcufinder\plugins\mcufinder/ => C:\Users\MINH\.stmcufinder\plugins\mcufinder
2024-01-20 08:24:02,052 [WARN] DbFile:41 - Overriding database path with different value: C:\Users\MINH\.stmcufinder\plugins\mcufinder/ => C:\Users\MINH\.stmcufinder\plugins\mcufinder
2024-01-20 08:24:02,053 [INFO] CrossReferenceDbSqlite:203 - Set database path to: C:\Users\MINH\.stmcufinder\plugins\mcufinder//mcu/cs/
2024-01-20 08:24:02,085 [INFO] ApplicationProperties:184 - Using Application install path: E:\stm32\STM32CubeIDE_1.13.2\STM32CubeIDE\plugins\com.st.stm32cube.common.mx_6.10.0.202311202037
2024-01-20 08:24:02,088 [INFO] PluginManage:196 - Search for loadable plugins [exclusion list=, ]
2024-01-20 08:24:02,091 [INFO] PluginManage:310 - Check plugin analytics
2024-01-20 08:24:02,518 [INFO] AnalyticsPlugin:253 - Accepted Software Licenses: 
2024-01-20 08:24:02,518 [INFO] AnalyticsPlugin:255 - Accepted CMSIS Pack Licenses: 
2024-01-20 08:24:02,519 [INFO] AnalyticsPlugin:257 - Accepted Firmware Licenses: FW.F4.1.27.0
2024-01-20 08:24:02,523 [INFO] PluginManage:359 - Loaded plugin analytics (category:tool,tabindex:-1)
2024-01-20 08:24:02,524 [INFO] PluginManage:310 - Check plugin cadmodel
2024-01-20 08:24:02,601 [INFO] CADModel:105 - Init CAD model plugin
2024-01-20 08:24:02,602 [INFO] PluginManage:359 - Loaded plugin cadmodel (category:power,tabindex:5)
2024-01-20 08:24:02,602 [INFO] PluginManage:310 - Check plugin clock
2024-01-20 08:24:02,654 [INFO] PluginManage:359 - Loaded plugin clock (category:base,tabindex:2)
2024-01-20 08:24:02,655 [INFO] PluginManage:310 - Check plugin ddr
2024-01-20 08:24:02,660 [INFO] PluginManage:359 - Loaded plugin ddr (category:tool,tabindex:6)
2024-01-20 08:24:02,661 [INFO] PluginManage:310 - Check plugin filemanager
2024-01-20 08:24:03,108 [INFO] PluginManage:359 - Loaded plugin filemanager (category:base,tabindex:10)
2024-01-20 08:24:03,108 [INFO] PluginManage:310 - Check plugin ipmanager
2024-01-20 08:24:03,133 [INFO] PluginManage:359 - Loaded plugin ipmanager (category:base,tabindex:5)
2024-01-20 08:24:03,133 [INFO] PluginManage:310 - Check plugin lpbam
2024-01-20 08:24:03,400 [INFO] PluginManage:359 - Loaded plugin lpbam (category:base,tabindex:0)
2024-01-20 08:24:03,401 [INFO] PluginManage:310 - Check plugin memorymap
2024-01-20 08:24:03,820 [INFO] PluginManage:359 - Loaded plugin memorymap (category:base,tabindex:4)
2024-01-20 08:24:03,821 [INFO] PluginManage:310 - Check plugin pinoutandconfiguration
2024-01-20 08:24:03,855 [INFO] PluginManage:359 - Loaded plugin pinoutandconfiguration (category:base,tabindex:1)
2024-01-20 08:24:03,856 [INFO] PluginManage:310 - Check plugin pinoutconfig
2024-01-20 08:24:04,139 [WARN] SupportedApi:132 - Cannot load RTOS API schema: s4s-elt-must-match.1: The content of 'definitions' must match (annotation?, (simpleType | complexType)?, (unique | key | keyref)*)). A problem was found starting at: attribute.
2024-01-20 08:24:04,516 [INFO] PluginManage:359 - Loaded plugin pinoutconfig (category:base,tabindex:0)
2024-01-20 08:24:04,516 [INFO] PluginManage:310 - Check plugin power
2024-01-20 08:24:04,657 [INFO] PluginManage:359 - Loaded plugin power (category:power,tabindex:4)
2024-01-20 08:24:04,658 [INFO] PluginManage:310 - Check plugin projectmanager
2024-01-20 08:24:04,706 [INFO] PluginManage:359 - Loaded plugin projectmanager (category:projectmanager,tabindex:3)
2024-01-20 08:24:04,706 [INFO] PluginManage:310 - Check plugin thirdparty
2024-01-20 08:24:05,318 [INFO] PluginManage:359 - Loaded plugin thirdparty (category:base,tabindex:-1)
2024-01-20 08:24:05,317 [WARN] IntegrityCheckThread:84 - waiting for thirdparty lock release [integrity check]
2024-01-20 08:24:05,318 [INFO] PluginManage:310 - Check plugin tools
2024-01-20 08:24:05,318 [INFO] IntegrityCheckThread:86 - entering critical section [integrity check]
2024-01-20 08:24:05,319 [INFO] ThirdPartyUpdaterWithRetryManager:70 - Updater plugin not ready yet. [1/15]
2024-01-20 08:24:05,352 [INFO] PluginManage:359 - Loaded plugin tools (category:base,tabindex:7)
2024-01-20 08:24:05,352 [INFO] PluginManage:310 - Check plugin tutovideos
2024-01-20 08:24:05,995 [INFO] PluginManage:359 - Loaded plugin tutovideos (category:base,tabindex:-1)
2024-01-20 08:24:05,996 [INFO] PluginManage:310 - Check plugin updater
2024-01-20 08:24:06,066 [INFO] PluginManage:359 - Loaded plugin updater (category:base,tabindex:12)
2024-01-20 08:24:06,066 [INFO] PluginManage:310 - Check plugin userauth
2024-01-20 08:24:06,093 [INFO] UserAuth:114 - Init User Auth plugin
2024-01-20 08:24:06,094 [INFO] PluginManage:359 - Loaded plugin userauth (category:base,tabindex:14)
2024-01-20 08:24:06,095 [INFO] PluginManage:283 - PluginManage : Loaded plugins [17]
2024-01-20 08:24:08,067 [INFO] PinOutPanel:1499 - setPackage(No Configuration,No Configuration)
2024-01-20 08:24:08,331 [INFO] ThirdPartyUpdaterWithRetryManager:70 - Updater plugin not ready yet. [2/15]
2024-01-20 08:24:08,659 [INFO] CADModel:165 - CPN selected for project level
2024-01-20 08:24:08,659 [INFO] CADModel:114 - Register for checkConnection events
2024-01-20 08:24:08,926 [INFO] IPUIPlugin:80 - create IPUIPlugin
2024-01-20 08:24:08,927 [INFO] PluginManager:220 - loadIPPluginJar : add adc
2024-01-20 08:24:08,995 [INFO] IPUIPlugin:80 - create IPUIPlugin
2024-01-20 08:24:08,995 [INFO] PluginManager:220 - loadIPPluginJar : add aes
2024-01-20 08:24:09,035 [INFO] IPUIPlugin:80 - create IPUIPlugin
2024-01-20 08:24:09,035 [INFO] PluginManager:220 - loadIPPluginJar : add can
2024-01-20 08:24:09,056 [INFO] IPUIPlugin:80 - create IPUIPlugin
2024-01-20 08:24:09,057 [INFO] PluginManager:220 - loadIPPluginJar : add comp
2024-01-20 08:24:09,112 [INFO] IPUIPlugin:80 - create IPUIPlugin
2024-01-20 08:24:09,113 [INFO] PluginManager:220 - loadIPPluginJar : add cryp
2024-01-20 08:24:09,162 [INFO] IPUIPlugin:80 - create IPUIPlugin
2024-01-20 08:24:09,162 [INFO] PluginManager:220 - loadIPPluginJar : add dfsdm
2024-01-20 08:24:09,325 [INFO] IPUIPlugin:80 - create IPUIPlugin
2024-01-20 08:24:09,341 [INFO] PluginManager:220 - loadIPPluginJar : add dma
2024-01-20 08:24:09,420 [INFO] IPUIPlugin:80 - create IPUIPlugin
2024-01-20 08:24:09,420 [INFO] PluginManager:220 - loadIPPluginJar : add dma3
2024-01-20 08:24:09,448 [INFO] IPUIPlugin:80 - create IPUIPlugin
2024-01-20 08:24:09,448 [INFO] PluginManager:220 - loadIPPluginJar : add fatfs
2024-01-20 08:24:09,494 [INFO] IPUIPlugin:80 - create IPUIPlugin
2024-01-20 08:24:09,494 [INFO] PluginManager:220 - loadIPPluginJar : add fmc
2024-01-20 08:24:09,527 [INFO] IPUIPlugin:80 - create IPUIPlugin
2024-01-20 08:24:09,528 [INFO] PluginManager:220 - loadIPPluginJar : add freertos
2024-01-20 08:24:09,555 [INFO] IPUIPlugin:80 - create IPUIPlugin
2024-01-20 08:24:09,556 [INFO] PluginManager:220 - loadIPPluginJar : add genericplugin
2024-01-20 08:24:09,634 [INFO] IPUIPlugin:80 - create IPUIPlugin
2024-01-20 08:24:09,635 [INFO] PluginManager:220 - loadIPPluginJar : add gfxmmu
2024-01-20 08:24:09,775 [INFO] IPUIPlugin:80 - create IPUIPlugin
2024-01-20 08:24:09,775 [INFO] PluginManager:220 - loadIPPluginJar : add gic
2024-01-20 08:24:09,978 [INFO] IPUIPlugin:80 - create IPUIPlugin
2024-01-20 08:24:09,978 [INFO] PluginManager:220 - loadIPPluginJar : add gpio
2024-01-20 08:24:10,054 [INFO] IPUIPlugin:80 - create IPUIPlugin
2024-01-20 08:24:10,054 [INFO] PluginManager:220 - loadIPPluginJar : add gtzc
2024-01-20 08:24:10,088 [INFO] IPUIPlugin:80 - create IPUIPlugin
2024-01-20 08:24:10,088 [INFO] PluginManager:220 - loadIPPluginJar : add hash
2024-01-20 08:24:10,139 [INFO] IPUIPlugin:80 - create IPUIPlugin
2024-01-20 08:24:10,139 [INFO] PluginManager:220 - loadIPPluginJar : add i2c
2024-01-20 08:24:10,172 [INFO] IPUIPlugin:80 - create IPUIPlugin
2024-01-20 08:24:10,172 [INFO] PluginManager:220 - loadIPPluginJar : add i2s
2024-01-20 08:24:10,209 [INFO] IPUIPlugin:80 - create IPUIPlugin
2024-01-20 08:24:10,209 [INFO] PluginManager:220 - loadIPPluginJar : add i3c
2024-01-20 08:24:10,271 [INFO] IPUIPlugin:80 - create IPUIPlugin
2024-01-20 08:24:10,271 [INFO] PluginManager:220 - loadIPPluginJar : add ipddr
2024-01-20 08:24:10,353 [INFO] IPUIPlugin:80 - create IPUIPlugin
2024-01-20 08:24:10,354 [INFO] PluginManager:220 - loadIPPluginJar : add linkedlist
2024-01-20 08:24:10,387 [INFO] IPUIPlugin:80 - create IPUIPlugin
2024-01-20 08:24:10,387 [INFO] PluginManager:220 - loadIPPluginJar : add lorawan
2024-01-20 08:24:10,424 [INFO] IPUIPlugin:80 - create IPUIPlugin
2024-01-20 08:24:10,426 [INFO] PluginManager:220 - loadIPPluginJar : add ltdc
2024-01-20 08:24:10,674 [INFO] IPUIPlugin:80 - create IPUIPlugin
2024-01-20 08:24:10,674 [INFO] PluginManager:220 - loadIPPluginJar : add mdma
2024-01-20 08:24:10,861 [INFO] IPUIPlugin:80 - create IPUIPlugin
2024-01-20 08:24:10,861 [INFO] PluginManager:220 - loadIPPluginJar : add nvic
2024-01-20 08:24:10,894 [INFO] IPUIPlugin:80 - create IPUIPlugin
2024-01-20 08:24:10,894 [INFO] PluginManager:220 - loadIPPluginJar : add opamp
2024-01-20 08:24:10,965 [INFO] IPUIPlugin:80 - create IPUIPlugin
2024-01-20 08:24:10,965 [INFO] PluginManager:220 - loadIPPluginJar : add openamp
2024-01-20 08:24:11,005 [INFO] IPUIPlugin:80 - create IPUIPlugin
2024-01-20 08:24:11,005 [INFO] PluginManager:220 - loadIPPluginJar : add pdm2pcm
2024-01-20 08:24:11,200 [INFO] IPUIPlugin:80 - create IPUIPlugin
2024-01-20 08:24:11,236 [INFO] PluginManager:220 - loadIPPluginJar : add plateformsettings
2024-01-20 08:24:11,304 [INFO] IPUIPlugin:80 - create IPUIPlugin
2024-01-20 08:24:11,307 [INFO] PluginManager:220 - loadIPPluginJar : add quadspi
2024-01-20 08:24:11,339 [INFO] ThirdPartyUpdaterWithRetryManager:70 - Updater plugin not ready yet. [3/15]
2024-01-20 08:24:11,344 [INFO] IPUIPlugin:80 - create IPUIPlugin
2024-01-20 08:24:11,345 [INFO] PluginManager:220 - loadIPPluginJar : add resmgrutility
2024-01-20 08:24:11,400 [INFO] IPUIPlugin:80 - create IPUIPlugin
2024-01-20 08:24:11,401 [INFO] PluginManager:220 - loadIPPluginJar : add sai
2024-01-20 08:24:11,453 [INFO] IPUIPlugin:80 - create IPUIPlugin
2024-01-20 08:24:11,453 [INFO] PluginManager:220 - loadIPPluginJar : add spi
2024-01-20 08:24:11,524 [INFO] IPUIPlugin:80 - create IPUIPlugin
2024-01-20 08:24:11,524 [INFO] PluginManager:220 - loadIPPluginJar : add stm32_wpan
2024-01-20 08:24:11,547 [INFO] IPUIPlugin:80 - create IPUIPlugin
2024-01-20 08:24:11,548 [INFO] PluginManager:220 - loadIPPluginJar : add tim
2024-01-20 08:24:11,596 [INFO] IPUIPlugin:80 - create IPUIPlugin
2024-01-20 08:24:11,596 [INFO] PluginManager:220 - loadIPPluginJar : add touchsensing
2024-01-20 08:24:11,620 [INFO] IPUIPlugin:80 - create IPUIPlugin
2024-01-20 08:24:11,620 [INFO] PluginManager:220 - loadIPPluginJar : add tracer_emb
2024-01-20 08:24:11,647 [INFO] IPUIPlugin:80 - create IPUIPlugin
2024-01-20 08:24:11,647 [INFO] PluginManager:220 - loadIPPluginJar : add ts
2024-01-20 08:24:11,670 [INFO] IPUIPlugin:80 - create IPUIPlugin
2024-01-20 08:24:11,670 [INFO] PluginManager:220 - loadIPPluginJar : add tsc
2024-01-20 08:24:11,699 [INFO] IPUIPlugin:80 - create IPUIPlugin
2024-01-20 08:24:11,699 [INFO] PluginManager:220 - loadIPPluginJar : add ucpd
2024-01-20 08:24:11,735 [INFO] IPUIPlugin:80 - create IPUIPlugin
2024-01-20 08:24:11,736 [INFO] PluginManager:220 - loadIPPluginJar : add usart
2024-01-20 08:24:11,787 [INFO] IPUIPlugin:80 - create IPUIPlugin
2024-01-20 08:24:11,787 [INFO] PluginManager:220 - loadIPPluginJar : add usbx
2024-01-20 08:24:12,096 [INFO] CADModel:165 - CPN selected for project level
2024-01-20 08:24:12,096 [INFO] CADModel:114 - Register for checkConnection events
2024-01-20 08:24:12,097 [FATAL] Updater:308 - Updater called before beeing initialized
2024-01-20 08:24:12,097 [ERROR] CADModel:125 - Updater not yet initialized, retry later 
2024-01-20 08:24:12,516 [INFO] CADModel:165 - CPN selected for project level
2024-01-20 08:24:12,517 [INFO] CADModel:114 - Register for checkConnection events
2024-01-20 08:24:12,517 [FATAL] Updater:308 - Updater called before beeing initialized
2024-01-20 08:24:12,517 [ERROR] CADModel:125 - Updater not yet initialized, retry later 
2024-01-20 08:24:12,525 [FATAL] Updater:308 - Updater called before beeing initialized
2024-01-20 08:24:12,885 [FATAL] Updater:308 - Updater called before beeing initialized
2024-01-20 08:24:12,934 [INFO] DbMcusAds:53 - JSON generation date=Wed Nov 29 17:52:27 ICT 2023 (1701255147349)
2024-01-20 08:24:12,935 [FATAL] Updater:308 - Updater called before beeing initialized
2024-01-20 08:24:13,280 [WARN] DetailPanel:346 - Failed to get advertising image, set to default
2024-01-20 08:24:13,661 [FATAL] Updater:308 - Updater called before beeing initialized
2024-01-20 08:24:13,679 [FATAL] Updater:308 - Updater called before beeing initialized
2024-01-20 08:24:13,679 [FATAL] Updater:308 - Updater called before beeing initialized
2024-01-20 08:24:13,680 [WARN] DetailPanel:346 - Failed to get advertising image, set to default
2024-01-20 08:24:13,686 [FATAL] Updater:308 - Updater called before beeing initialized
2024-01-20 08:24:13,956 [ERROR] Updater:1120 - MainUpdater not yet initialized. External WinMGr cannot be set.
2024-01-20 08:24:13,982 [INFO] Updater:1056 - Updater Version found : 6.10.0
2024-01-20 08:24:14,080 [INFO] ApplicationProperties:184 - Using Application install path: E:\stm32\STM32CubeIDE_1.13.2\STM32CubeIDE\plugins\com.st.stm32cube.common.mx_6.10.0.202311202037
2024-01-20 08:24:14,340 [INFO] ThirdPartyUpdaterWithRetryManager:70 - Updater plugin not ready yet. [4/15]
2024-01-20 08:24:15,913 [ERROR] LogOutputStream:75 - [STDERR_REDIRECT] Jan 20, 2024 8:24:15 AM java.util.prefs.WindowsPreferences <init>
2024-01-20 08:24:15,917 [ERROR] LogOutputStream:75 - [STDERR_REDIRECT] WARNING: Could not open/create prefs root node Software\JavaSoft\Prefs at root 0xffffffff80000002. Windows RegCreateKeyEx(...) returned error code 5.
2024-01-20 08:24:15,918 [ERROR] LogOutputStream:75 - [STDERR_REDIRECT] 
2024-01-20 08:24:17,155 [INFO] MainUpdater:2873 - connection check result : 10
2024-01-20 08:24:17,158 [INFO] MainUpdater:290 - Updater Check For Update Now.
2024-01-20 08:24:17,159 [INFO] MicroXplorer:498 - Change Database Version : DB.6.0.100
2024-01-20 08:24:17,215 [INFO] McuFinderGlobals:63 - Set McuFinder mode to 2 (CubeIDE integrated)
2024-01-20 08:24:17,342 [WARN] MainUpdater:1194 - Updater busy. Cannot search thirdparties
2024-01-20 08:24:17,343 [INFO] ThirdPartyUpdaterWithRetryManager:96 - Updater plugin is busy. [1/15]
2024-01-20 08:24:17,491 [INFO] CheckServerUpdateThread:120 - End of CheckServer Thread
2024-01-20 08:24:17,686 [INFO] UserAuth:404 - Internet connection configuration mode: 1
2024-01-20 08:24:17,782 [INFO] JxBrowserEngine:152 - Initiate JxBrowser Engine with user profile folder
2024-01-20 08:24:21,439 [WARN] PackLoader:240 - Cannot read IP mode file for STMicroelectronics.X-CUBE-SMBUS.2.1.0
2024-01-20 08:24:21,474 [WARN] PackLoader:240 - Cannot read IP mode file for STMicroelectronics.X-CUBE-TOUCHGFX.4.23.0
2024-01-20 08:24:21,581 [WARN] PackLoader:240 - Cannot read IP mode file for STMicroelectronics.X-CUBE-AZRTOS-F7.1.1.0
2024-01-20 08:24:21,619 [WARN] PackLoader:240 - Cannot read IP mode file for STMicroelectronics.FP-SNS-MOTENV1.4.3.2
2024-01-20 08:24:21,646 [WARN] PackLoader:240 - Cannot read IP mode file for STMicroelectronics.FP-SNS-FLIGHT1.5.0.2
2024-01-20 08:24:21,670 [WARN] PackLoader:240 - Cannot read IP mode file for STMicroelectronics.X-CUBE-DISPLAY.3.0.0
2024-01-20 08:24:21,699 [INFO] WebApp:161 - Instantiating new browser for Auth
2024-01-20 08:24:21,712 [WARN] PackLoader:240 - Cannot read IP mode file for STMicroelectronics.X-CUBE-BLE1.7.0.0
2024-01-20 08:24:21,797 [WARN] PackLoader:240 - Cannot read IP mode file for emotas.I-CUBE-CANOPEN.1.3.0
2024-01-20 08:24:21,817 [WARN] PackLoader:240 - Cannot read IP mode file for STMicroelectronics.X-CUBE-TOUCHGFX.4.22.1
2024-01-20 08:24:21,840 [WARN] PackLoader:240 - Cannot read IP mode file for STMicroelectronics.FP-SNS-SMARTAG2.1.2.0
2024-01-20 08:24:21,897 [INFO] LogOutputStream:77 - [STDOUT_REDIRECT] 1 : Invalid condition id : UX_CORESTACK_Condition cause : null
2024-01-20 08:24:21,900 [INFO] LogOutputStream:77 - [STDOUT_REDIRECT] 1 : Invalid condition id : UX_CORESTACK_Condition cause : null
2024-01-20 08:24:21,903 [INFO] LogOutputStream:77 - [STDOUT_REDIRECT] 1 : Invalid condition id : UX_CORESTACK_Condition cause : null
2024-01-20 08:24:21,906 [INFO] LogOutputStream:77 - [STDOUT_REDIRECT] 1 : Invalid condition id : UX_CORESTACK_Condition cause : null
2024-01-20 08:24:21,909 [INFO] LogOutputStream:77 - [STDOUT_REDIRECT] 1 : Invalid condition id : UX_CORESTACK_Condition cause : null
2024-01-20 08:24:22,013 [WARN] PackLoader:240 - Cannot read IP mode file for STMicroelectronics.X-CUBE-AZRTOS-WL.2.0.0
2024-01-20 08:24:22,059 [WARN] PackLoader:240 - Cannot read IP mode file for WES.I-CUBE-Cesium.1.3.0
2024-01-20 08:24:22,079 [WARN] PackLoader:240 - Cannot read IP mode file for STMicroelectronics.X-CUBE-BLE2.3.3.0
2024-01-20 08:24:22,127 [WARN] PackLoader:240 - Cannot read IP mode file for STMicroelectronics.X-CUBE-ALGOBUILD.1.3.0
2024-01-20 08:24:22,269 [WARN] PackLoader:240 - Cannot read IP mode file for STMicroelectronics.X-CUBE-AZRTOS-G0.1.1.0
2024-01-20 08:24:22,396 [WARN] PackLoader:240 - Cannot read IP mode file for STMicroelectronics.X-CUBE-NFC4.3.0.0
2024-01-20 08:24:22,491 [WARN] PackLoader:240 - Cannot read IP mode file for STMicroelectronics.X-CUBE-BLEMGR.3.0.0
2024-01-20 08:24:22,532 [WARN] PackLoader:240 - Cannot read IP mode file for STMicroelectronics.FP-ATR-SIGFOX1.3.2.0
2024-01-20 08:24:22,858 [WARN] PackLoader:240 - Cannot read IP mode file for SEGGER.I-CUBE-embOS.1.3.1
2024-01-20 08:24:23,062 [WARN] PackLoader:240 - Cannot read IP mode file for STMicroelectronics.X-CUBE-GNSS1.6.0.0
2024-01-20 08:24:23,175 [WARN] PackLoader:240 - Cannot read IP mode file for STMicroelectronics.X-CUBE-AZRTOS-F4.1.1.0
2024-01-20 08:24:23,214 [WARN] PackLoader:240 - Cannot read IP mode file for wolfSSL.I-CUBE-wolfSSL.5.6.3
2024-01-20 08:24:23,306 [WARN] PackLoader:240 - Cannot read IP mode file for STMicroelectronics.X-CUBE-AZRTOS-L5.2.0.0
2024-01-20 08:24:23,351 [WARN] PackLoader:240 - Cannot read IP mode file for STMicroelectronics.X-CUBE-EEPRMA1.4.2.0
2024-01-20 08:24:23,408 [WARN] PackLoader:240 - Cannot read IP mode file for ITTIA_DB.I-CUBE-ITTIADB.8.8.0
2024-01-20 08:24:23,432 [WARN] PackLoader:240 - Cannot read IP mode file for STMicroelectronics.X-CUBE-BLEMGR.2.0.0
2024-01-20 08:24:23,529 [WARN] ConditionMgr:438 - getConditionDescription Invalid condition id : UX DEVICE CLASS RTOS Condition cause : null
2024-01-20 08:24:23,530 [WARN] ConditionMgr:438 - getConditionDescription Invalid condition id : UX DEVICE CLASS RTOS Condition cause : null
2024-01-20 08:24:23,549 [WARN] PackLoader:240 - Cannot read IP mode file for STMicroelectronics.X-CUBE-AZRTOS-H7.3.1.0
2024-01-20 08:24:23,552 [WARN] ConditionMgr:1039 - genDependencies : Invalid condition id : UX DEVICE CLASS RTOS Condition cause : null
2024-01-20 08:24:23,553 [WARN] ConditionMgr:1039 - genDependencies : Invalid condition id : UX DEVICE CLASS RTOS Condition cause : null
2024-01-20 08:24:23,561 [WARN] ConditionMgr:1039 - genDependencies : Invalid condition id : UX DEVICE CLASS RTOS Condition cause : null
2024-01-20 08:24:23,562 [WARN] ConditionMgr:1039 - genDependencies : Invalid condition id : UX DEVICE CLASS RTOS Condition cause : null
2024-01-20 08:24:23,563 [WARN] ConditionMgr:1039 - genDependencies : Invalid condition id : UX DEVICE CLASS RTOS Condition cause : null
2024-01-20 08:24:23,601 [WARN] PackLoader:240 - Cannot read IP mode file for STMicroelectronics.X-CUBE-NFC7.1.0.1
2024-01-20 08:24:23,638 [WARN] PackLoader:240 - Cannot read IP mode file for STMicroelectronics.X-CUBE-NFC6.3.0.0
2024-01-20 08:24:23,657 [WARN] PackLoader:240 - Cannot read IP mode file for STMicroelectronics.X-CUBE-EEPRMA1.4.1.0
2024-01-20 08:24:23,679 [WARN] PackLoader:240 - Cannot read IP mode file for STMicroelectronics.X-CUBE-AI.8.1.0
2024-01-20 08:24:23,900 [WARN] ConditionMgr:438 - getConditionDescription Invalid condition id : LAN8742 Phy interface Condition cause : null
2024-01-20 08:24:23,902 [WARN] PackLoader:240 - Cannot read IP mode file for STMicroelectronics.X-CUBE-AZRTOS-L4.2.0.0
2024-01-20 08:24:23,907 [WARN] ConditionMgr:1039 - genDependencies : Invalid condition id : LAN8742 Phy interface Condition cause : null
2024-01-20 08:24:23,907 [WARN] ConditionMgr:1039 - genDependencies : Invalid condition id : LAN8742 Phy interface Condition cause : null
2024-01-20 08:24:23,908 [WARN] ConditionMgr:1039 - genDependencies : Invalid condition id : LAN8742 Phy interface Condition cause : null
2024-01-20 08:24:23,941 [WARN] PackLoader:240 - Cannot read IP mode file for STMicroelectronics.X-CUBE-SFXS2LP1.4.0.0
2024-01-20 08:24:23,972 [WARN] PackLoader:240 - Cannot read IP mode file for STMicroelectronics.X-CUBE-ISPU.1.1.0
2024-01-20 08:24:24,049 [WARN] ConditionMgr:438 - getConditionDescription Invalid condition id : UX DEVICE CLASS RTOS Condition cause : null
2024-01-20 08:24:24,050 [WARN] ConditionMgr:438 - getConditionDescription Invalid condition id : UX DEVICE CLASS RTOS Condition cause : null
2024-01-20 08:24:24,055 [WARN] PackLoader:240 - Cannot read IP mode file for STMicroelectronics.X-CUBE-AZRTOS-WB.2.0.0
2024-01-20 08:24:24,057 [WARN] ConditionMgr:1039 - genDependencies : Invalid condition id : UX DEVICE CLASS RTOS Condition cause : null
2024-01-20 08:24:24,057 [WARN] ConditionMgr:1039 - genDependencies : Invalid condition id : UX DEVICE CLASS RTOS Condition cause : null
2024-01-20 08:24:24,059 [WARN] ConditionMgr:1039 - genDependencies : Invalid condition id : UX DEVICE CLASS RTOS Condition cause : null
2024-01-20 08:24:24,059 [WARN] ConditionMgr:1039 - genDependencies : Invalid condition id : UX DEVICE CLASS RTOS Condition cause : null
2024-01-20 08:24:24,060 [WARN] ConditionMgr:1039 - genDependencies : Invalid condition id : UX DEVICE CLASS RTOS Condition cause : null
2024-01-20 08:24:24,118 [WARN] PackLoader:240 - Cannot read IP mode file for STMicroelectronics.X-CUBE-SUBG2.5.0.0
2024-01-20 08:24:24,191 [WARN] PackLoader:240 - Cannot read IP mode file for STMicroelectronics.X-CUBE-TOF1.3.3.1
2024-01-20 08:24:24,263 [WARN] PackLoader:240 - Cannot read IP mode file for STMicroelectronics.X-CUBE-AZRTOS-G4.2.0.0
2024-01-20 08:24:24,309 [WARN] PackLoader:240 - Cannot read IP mode file for Infineon.AIROC-Wi-Fi-Bluetooth-STM32.1.5.1
2024-01-20 08:24:24,333 [WARN] PackLoader:240 - Cannot read IP mode file for STMicroelectronics.FP-SNS-MOTENVWB1.1.3.0
2024-01-20 08:24:24,349 [WARN] PackLoader:240 - Cannot read IP mode file for STMicroelectronics.FP-SNS-MOTENVWB1.1.3.1
2024-01-20 08:24:24,366 [WARN] PackLoader:240 - Cannot read IP mode file for STMicroelectronics.X-CUBE-ISPU.2.0.0
2024-01-20 08:24:24,532 [WARN] PackLoader:240 - Cannot read IP mode file for STMicroelectronics.X-CUBE-MEMS1.10.0.0
2024-01-20 08:24:24,734 [INFO] WebApp:780 - Register for checkConnection events
2024-01-20 08:24:24,735 [INFO] WebApp:414 - Apply proxy settings
2024-01-20 08:24:24,736 [INFO] WebApp:499 - Chromium requires no authentication
2024-01-20 08:24:24,763 [INFO] WebApp:442 - Direct internet connection detected
2024-01-20 08:24:25,063 [WARN] PackLoader:240 - Cannot read IP mode file for STMicroelectronics.X-CUBE-FREERTOS.1.1.0
2024-01-20 08:24:25,089 [WARN] PackLoader:240 - Cannot read IP mode file for portGmbH.I-Cube-SoM-uGOAL.1.1.0
2024-01-20 08:24:25,107 [WARN] PackLoader:240 - Cannot read IP mode file for STMicroelectronics.X-CUBE-ALS.1.0.1
2024-01-20 08:24:25,125 [WARN] PackLoader:240 - Cannot read IP mode file for STMicroelectronics.FP-ATR-ASTRA1.2.0.0
2024-01-20 08:24:25,163 [WARN] PackLoader:240 - Cannot read IP mode file for STMicroelectronics.X-CUBE-TOF1.3.4.0
2024-01-20 08:24:25,245 [WARN] PackLoader:240 - Cannot read IP mode file for STMicroelectronics.X-CUBE-AZRTOS-H7.3.2.0
2024-01-20 08:24:25,252 [INFO] ThirdParty:978 - Integrity check success = true
2024-01-20 08:24:25,252 [INFO] IntegrityCheckThread:100 - exiting critical section [integrity check]
2024-01-20 08:24:25,252 [INFO] IntegrityCheckThread:103 - End integrity checks thread
2024-01-20 08:24:25,273 [INFO] WebApp:192 - Starting web application
2024-01-20 08:24:25,273 [INFO] WebApp:544 - Web application path used E:\stm32\STM32CubeIDE_1.13.2\STM32CubeIDE\plugins\com.st.stm32cube.common.mx_6.10.0.202311202037\db\plugins\mcufinder\reactClient1\index.html
2024-01-20 08:24:48,056 [ERROR] LogOutputStream:75 - [STDERR_REDIRECT] SLF4J: Failed to load class "org.slf4j.impl.StaticLoggerBinder".
2024-01-20 08:24:48,059 [ERROR] LogOutputStream:75 - [STDERR_REDIRECT] SLF4J: Defaulting to no-operation (NOP) logger implementation
2024-01-20 08:24:48,062 [ERROR] LogOutputStream:75 - [STDERR_REDIRECT] SLF4J: See http://www.slf4j.org/codes.html#StaticLoggerBinder for further details.
2024-01-20 10:28:10,640 [ERROR] LogOutputStream:75 - [STDERR_REDIRECT] 
